DEBUG:schedule:Running job Job(interval=1, unit=seconds, do=publish_node_load, args=(), kwargs={})
INFO:root:1654118878.5112581|varun-mbp.local|2.74560546875|3.0498046875|3.61865234375
WARNING:influxdb_client.client.write.retry:The retriable error occurred during request. Reason: '<urllib3.connection.HTTPConnection object at 0x10e6a6f40>: Failed to establish a new connection: [Errno 61] Connection refused'.
WARNING:urllib3.connectionpool:Retrying (WritesRetry(total=4, connect=None, read=None, redirect=None, status=None)) after connection broken by 'NewConnectionError('<urllib3.connection.HTTPConnection object at 0x10e6a6f40>: Failed to establish a new connection: [Errno 61] Connection refused')': /api/v2/write?org=my-org&bucket=my-bucket&precision=ns
WARNING:influxdb_client.client.write.retry:The retriable error occurred during request. Reason: '<urllib3.connection.HTTPConnection object at 0x10e6a6a00>: Failed to establish a new connection: [Errno 61] Connection refused'.
DEBUG:schedule:Running job Job(interval=1, unit=seconds, do=publish_node_load, args=(), kwargs={})
INFO:root:1654118956.101681|varun-mbp.local|2.60595703125|2.9189453125|3.51806640625
WARNING:influxdb_client.client.write.retry:The retriable error occurred during request. Reason: '<urllib3.connection.HTTPConnection object at 0x104df9fa0>: Failed to establish a new connection: [Errno 61] Connection refused'.
WARNING:urllib3.connectionpool:Retrying (WritesRetry(total=4, connect=None, read=None, redirect=None, status=None)) after connection broken by 'NewConnectionError('<urllib3.connection.HTTPConnection object at 0x104df9fa0>: Failed to establish a new connection: [Errno 61] Connection refused')': /api/v2/write?org=my-org&bucket=my-bucket&precision=ns
WARNING:influxdb_client.client.write.retry:The retriable error occurred during request. Reason: '<urllib3.connection.HTTPConnection object at 0x104df9f10>: Failed to establish a new connection: [Errno 61] Connection refused'.
DEBUG:schedule:Running job Job(interval=1, unit=seconds, do=publish_node_load, args=(), kwargs={})
INFO:root:1654120147.1860638|varun-mbp.local|2.56396484375|2.859375|3.36767578125
WARNING:influxdb_client.client.write.retry:The retriable error occurred during request. Reason: '<urllib3.connection.HTTPConnection object at 0x107109f40>: Failed to establish a new connection: [Errno 61] Connection refused'.
WARNING:urllib3.connectionpool:Retrying (WritesRetry(total=0, connect=None, read=None, redirect=None, status=None)) after connection broken by 'NewConnectionError('<urllib3.connection.HTTPConnection object at 0x107109f40>: Failed to establish a new connection: [Errno 61] Connection refused')': /api/v2/write?org=my-org&bucket=my-bucket&precision=ns
ERROR:influxdb_client.client.write_api:The batch item wasn't processed successfully because: HTTPConnectionPool(host='localhost', port=8086): Max retries exceeded with url: /api/v2/write?org=my-org&bucket=my-bucket&precision=ns (Caused by NewConnectionError('<urllib3.connection.HTTPConnection object at 0x107109a00>: Failed to establish a new connection: [Errno 61] Connection refused'))
DEBUG:schedule:Running job Job(interval=1, unit=seconds, do=publish_node_load, args=(), kwargs={})
INFO:root:1654120149.669047|varun-mbp.local|2.8388671875|2.9111328125|3.3828125
WARNING:influxdb_client.client.write.retry:The retriable error occurred during request. Reason: '<urllib3.connection.HTTPConnection object at 0x1071c2fd0>: Failed to establish a new connection: [Errno 61] Connection refused'.
WARNING:urllib3.connectionpool:Retrying (WritesRetry(total=0, connect=None, read=None, redirect=None, status=None)) after connection broken by 'NewConnectionError('<urllib3.connection.HTTPConnection object at 0x1071c2fd0>: Failed to establish a new connection: [Errno 61] Connection refused')': /api/v2/write?org=my-org&bucket=my-bucket&precision=ns
ERROR:influxdb_client.client.write_api:The batch item wasn't processed successfully because: HTTPConnectionPool(host='localhost', port=8086): Max retries exceeded with url: /api/v2/write?org=my-org&bucket=my-bucket&precision=ns (Caused by NewConnectionError('<urllib3.connection.HTTPConnection object at 0x10711cdc0>: Failed to establish a new connection: [Errno 61] Connection refused'))
DEBUG:schedule:Running job Job(interval=1, unit=seconds, do=publish_node_load, args=(), kwargs={})
INFO:root:1654120152.408958|varun-mbp.local|2.8388671875|2.9111328125|3.3828125
WARNING:influxdb_client.client.write.retry:The retriable error occurred during request. Reason: '<urllib3.connection.HTTPConnection object at 0x1071eb1c0>: Failed to establish a new connection: [Errno 61] Connection refused'.
WARNING:urllib3.connectionpool:Retrying (WritesRetry(total=0, connect=None, read=None, redirect=None, status=None)) after connection broken by 'NewConnectionError('<urllib3.connection.HTTPConnection object at 0x1071eb1c0>: Failed to establish a new connection: [Errno 61] Connection refused')': /api/v2/write?org=my-org&bucket=my-bucket&precision=ns
ERROR:influxdb_client.client.write_api:The batch item wasn't processed successfully because: HTTPConnectionPool(host='localhost', port=8086): Max retries exceeded with url: /api/v2/write?org=my-org&bucket=my-bucket&precision=ns (Caused by NewConnectionError('<urllib3.connection.HTTPConnection object at 0x1071eb4f0>: Failed to establish a new connection: [Errno 61] Connection refused'))
DEBUG:schedule:Running job Job(interval=1, unit=seconds, do=publish_node_load, args=(), kwargs={})
INFO:root:1654120154.537409|varun-mbp.local|2.69140625|2.87939453125|3.36865234375
WARNING:influxdb_client.client.write.retry:The retriable error occurred during request. Reason: '<urllib3.connection.HTTPConnection object at 0x1071ef850>: Failed to establish a new connection: [Errno 61] Connection refused'.
WARNING:urllib3.connectionpool:Retrying (WritesRetry(total=0, connect=None, read=None, redirect=None, status=None)) after connection broken by 'NewConnectionError('<urllib3.connection.HTTPConnection object at 0x1071ef850>: Failed to establish a new connection: [Errno 61] Connection refused')': /api/v2/write?org=my-org&bucket=my-bucket&precision=ns
ERROR:influxdb_client.client.write_api:The batch item wasn't processed successfully because: HTTPConnectionPool(host='localhost', port=8086): Max retries exceeded with url: /api/v2/write?org=my-org&bucket=my-bucket&precision=ns (Caused by NewConnectionError('<urllib3.connection.HTTPConnection object at 0x10711ce20>: Failed to establish a new connection: [Errno 61] Connection refused'))
DEBUG:schedule:Running job Job(interval=1, unit=seconds, do=publish_node_load, args=(), kwargs={})
INFO:root:1654120157.079676|varun-mbp.local|2.69140625|2.87939453125|3.36865234375
WARNING:influxdb_client.client.write.retry:The retriable error occurred during request. Reason: '<urllib3.connection.HTTPConnection object at 0x10710c040>: Failed to establish a new connection: [Errno 61] Connection refused'.
WARNING:urllib3.connectionpool:Retrying (WritesRetry(total=0, connect=None, read=None, redirect=None, status=None)) after connection broken by 'NewConnectionError('<urllib3.connection.HTTPConnection object at 0x10710c040>: Failed to establish a new connection: [Errno 61] Connection refused')': /api/v2/write?org=my-org&bucket=my-bucket&precision=ns
ERROR:influxdb_client.client.write_api:The batch item wasn't processed successfully because: HTTPConnectionPool(host='localhost', port=8086): Max retries exceeded with url: /api/v2/write?org=my-org&bucket=my-bucket&precision=ns (Caused by NewConnectionError('<urllib3.connection.HTTPConnection object at 0x1071c2910>: Failed to establish a new connection: [Errno 61] Connection refused'))
DEBUG:schedule:Running job Job(interval=1, unit=seconds, do=publish_node_load, args=(), kwargs={})
INFO:root:1654120159.7209442|varun-mbp.local|2.6357421875|2.86474609375|3.3603515625
WARNING:influxdb_client.client.write.retry:The retriable error occurred during request. Reason: '<urllib3.connection.HTTPConnection object at 0x1071eb520>: Failed to establish a new connection: [Errno 61] Connection refused'.
WARNING:urllib3.connectionpool:Retrying (WritesRetry(total=0, connect=None, read=None, redirect=None, status=None)) after connection broken by 'NewConnectionError('<urllib3.connection.HTTPConnection object at 0x1071eb520>: Failed to establish a new connection: [Errno 61] Connection refused')': /api/v2/write?org=my-org&bucket=my-bucket&precision=ns
ERROR:influxdb_client.client.write_api:The batch item wasn't processed successfully because: HTTPConnectionPool(host='localhost', port=8086): Max retries exceeded with url: /api/v2/write?org=my-org&bucket=my-bucket&precision=ns (Caused by NewConnectionError('<urllib3.connection.HTTPConnection object at 0x1071eba90>: Failed to establish a new connection: [Errno 61] Connection refused'))
DEBUG:schedule:Running job Job(interval=1, unit=seconds, do=publish_node_load, args=(), kwargs={})
INFO:root:1654120162.1469781|varun-mbp.local|2.6357421875|2.86474609375|3.3603515625
WARNING:influxdb_client.client.write.retry:The retriable error occurred during request. Reason: '<urllib3.connection.HTTPConnection object at 0x1071f2c10>: Failed to establish a new connection: [Errno 61] Connection refused'.
WARNING:urllib3.connectionpool:Retrying (WritesRetry(total=0, connect=None, read=None, redirect=None, status=None)) after connection broken by 'NewConnectionError('<urllib3.connection.HTTPConnection object at 0x1071f2c10>: Failed to establish a new connection: [Errno 61] Connection refused')': /api/v2/write?org=my-org&bucket=my-bucket&precision=ns
ERROR:influxdb_client.client.write_api:The batch item wasn't processed successfully because: HTTPConnectionPool(host='localhost', port=8086): Max retries exceeded with url: /api/v2/write?org=my-org&bucket=my-bucket&precision=ns (Caused by NewConnectionError('<urllib3.connection.HTTPConnection object at 0x1071f2700>: Failed to establish a new connection: [Errno 61] Connection refused'))
DEBUG:schedule:Running job Job(interval=1, unit=seconds, do=publish_node_load, args=(), kwargs={})
INFO:root:1654120165.091682|varun-mbp.local|2.58447265625|2.85009765625|3.35205078125
WARNING:influxdb_client.client.write.retry:The retriable error occurred during request. Reason: '<urllib3.connection.HTTPConnection object at 0x1071ec970>: Failed to establish a new connection: [Errno 61] Connection refused'.
WARNING:urllib3.connectionpool:Retrying (WritesRetry(total=0, connect=None, read=None, redirect=None, status=None)) after connection broken by 'NewConnectionError('<urllib3.connection.HTTPConnection object at 0x1071ec970>: Failed to establish a new connection: [Errno 61] Connection refused')': /api/v2/write?org=my-org&bucket=my-bucket&precision=ns
ERROR:influxdb_client.client.write_api:The batch item wasn't processed successfully because: HTTPConnectionPool(host='localhost', port=8086): Max retries exceeded with url: /api/v2/write?org=my-org&bucket=my-bucket&precision=ns (Caused by NewConnectionError('<urllib3.connection.HTTPConnection object at 0x107129fd0>: Failed to establish a new connection: [Errno 61] Connection refused'))
DEBUG:schedule:Running job Job(interval=1, unit=seconds, do=publish_node_load, args=(), kwargs={})
INFO:root:1654120167.328468|varun-mbp.local|2.58447265625|2.85009765625|3.35205078125
WARNING:influxdb_client.client.write.retry:The retriable error occurred during request. Reason: '<urllib3.connection.HTTPConnection object at 0x1071fb490>: Failed to establish a new connection: [Errno 61] Connection refused'.
WARNING:urllib3.connectionpool:Retrying (WritesRetry(total=0, connect=None, read=None, redirect=None, status=None)) after connection broken by 'NewConnectionError('<urllib3.connection.HTTPConnection object at 0x1071fb490>: Failed to establish a new connection: [Errno 61] Connection refused')': /api/v2/write?org=my-org&bucket=my-bucket&precision=ns
ERROR:influxdb_client.client.write_api:The batch item wasn't processed successfully because: HTTPConnectionPool(host='localhost', port=8086): Max retries exceeded with url: /api/v2/write?org=my-org&bucket=my-bucket&precision=ns (Caused by NewConnectionError('<urllib3.connection.HTTPConnection object at 0x1071ec220>: Failed to establish a new connection: [Errno 61] Connection refused'))
DEBUG:schedule:Running job Job(interval=1, unit=seconds, do=publish_node_load, args=(), kwargs={})
INFO:root:1654120277.7059588|varun-mbp.local|4.52685546875|3.181640625|3.40234375
DEBUG:schedule:Running job Job(interval=1, unit=seconds, do=publish_node_load, args=(), kwargs={})
INFO:root:1654120278.7078452|varun-mbp.local|4.52685546875|3.181640625|3.40234375
DEBUG:schedule:Running job Job(interval=1, unit=seconds, do=publish_node_load, args=(), kwargs={})
INFO:root:1654120279.710575|varun-mbp.local|4.52685546875|3.181640625|3.40234375
DEBUG:schedule:Running job Job(interval=1, unit=seconds, do=publish_node_load, args=(), kwargs={})
INFO:root:1654120280.714839|varun-mbp.local|4.32421875|3.16162109375|3.39404296875
DEBUG:schedule:Running job Job(interval=1, unit=seconds, do=publish_node_load, args=(), kwargs={})
INFO:root:1654120281.71952|varun-mbp.local|4.32421875|3.16162109375|3.39404296875
DEBUG:schedule:Running job Job(interval=1, unit=seconds, do=publish_node_load, args=(), kwargs={})
INFO:root:1654120282.7241018|varun-mbp.local|4.32421875|3.16162109375|3.39404296875
DEBUG:schedule:Running job Job(interval=1, unit=seconds, do=publish_node_load, args=(), kwargs={})
INFO:root:1654120283.726323|varun-mbp.local|4.32421875|3.16162109375|3.39404296875
DEBUG:schedule:Running job Job(interval=1, unit=seconds, do=publish_node_load, args=(), kwargs={})
INFO:root:1654120284.7285042|varun-mbp.local|4.32421875|3.16162109375|3.39404296875
DEBUG:schedule:Running job Job(interval=1, unit=seconds, do=publish_node_load, args=(), kwargs={})
INFO:root:1654120285.731643|varun-mbp.local|4.6181640625|3.24169921875|3.4208984375
DEBUG:schedule:Running job Job(interval=1, unit=seconds, do=publish_node_load, args=(), kwargs={})
INFO:root:1654120286.734272|varun-mbp.local|4.6181640625|3.24169921875|3.4208984375
DEBUG:schedule:Running job Job(interval=1, unit=seconds, do=publish_node_load, args=(), kwargs={})
INFO:root:1654120287.734993|varun-mbp.local|4.6181640625|3.24169921875|3.4208984375
DEBUG:schedule:Running job Job(interval=1, unit=seconds, do=publish_node_load, args=(), kwargs={})
INFO:root:1654120288.7356071|varun-mbp.local|4.6181640625|3.24169921875|3.4208984375
DEBUG:schedule:Running job Job(interval=1, unit=seconds, do=publish_node_load, args=(), kwargs={})
INFO:root:1654120289.736774|varun-mbp.local|4.6181640625|3.24169921875|3.4208984375
DEBUG:schedule:Running job Job(interval=1, unit=seconds, do=publish_node_load, args=(), kwargs={})
INFO:root:1654120290.73717|varun-mbp.local|4.48828125|3.2373046875|3.41796875
DEBUG:schedule:Running job Job(interval=1, unit=seconds, do=publish_node_load, args=(), kwargs={})
INFO:root:1654120291.741996|varun-mbp.local|4.48828125|3.2373046875|3.41796875
DEBUG:schedule:Running job Job(interval=1, unit=seconds, do=publish_node_load, args=(), kwargs={})
INFO:root:1654120292.74243|varun-mbp.local|4.48828125|3.2373046875|3.41796875
DEBUG:schedule:Running job Job(interval=1, unit=seconds, do=publish_node_load, args=(), kwargs={})
INFO:root:1654120293.746627|varun-mbp.local|4.48828125|3.2373046875|3.41796875
DEBUG:schedule:Running job Job(interval=1, unit=seconds, do=publish_node_load, args=(), kwargs={})
INFO:root:1654120296.3383172|varun-mbp.local|4.52880859375|3.26611328125|3.4267578125
WARNING:influxdb_client.client.write.retry:The retriable error occurred during request. Reason: '<urllib3.connection.HTTPConnection object at 0x11177df40>: Failed to establish a new connection: [Errno 61] Connection refused'.
WARNING:urllib3.connectionpool:Retrying (WritesRetry(total=0, connect=None, read=None, redirect=None, status=None)) after connection broken by 'NewConnectionError('<urllib3.connection.HTTPConnection object at 0x11177df40>: Failed to establish a new connection: [Errno 61] Connection refused')': /api/v2/write?org=my-org&bucket=my-bucket&precision=ns
ERROR:influxdb_client.client.write_api:The batch item wasn't processed successfully because: HTTPConnectionPool(host='localhost', port=8086): Max retries exceeded with url: /api/v2/write?org=my-org&bucket=my-bucket&precision=ns (Caused by NewConnectionError('<urllib3.connection.HTTPConnection object at 0x11177da00>: Failed to establish a new connection: [Errno 61] Connection refused'))
DEBUG:schedule:Running job Job(interval=1, unit=seconds, do=publish_node_load, args=(), kwargs={})
INFO:root:1654120298.934407|varun-mbp.local|4.52880859375|3.26611328125|3.4267578125
WARNING:influxdb_client.client.write.retry:The retriable error occurred during request. Reason: '<urllib3.connection.HTTPConnection object at 0x1115f0220>: Failed to establish a new connection: [Errno 61] Connection refused'.
WARNING:urllib3.connectionpool:Retrying (WritesRetry(total=0, connect=None, read=None, redirect=None, status=None)) after connection broken by 'NewConnectionError('<urllib3.connection.HTTPConnection object at 0x1115f0220>: Failed to establish a new connection: [Errno 61] Connection refused')': /api/v2/write?org=my-org&bucket=my-bucket&precision=ns
ERROR:influxdb_client.client.write_api:The batch item wasn't processed successfully because: HTTPConnectionPool(host='localhost', port=8086): Max retries exceeded with url: /api/v2/write?org=my-org&bucket=my-bucket&precision=ns (Caused by NewConnectionError('<urllib3.connection.HTTPConnection object at 0x11178cdc0>: Failed to establish a new connection: [Errno 61] Connection refused'))
DEBUG:schedule:Running job Job(interval=1, unit=seconds, do=publish_node_load, args=(), kwargs={})
INFO:root:1654120301.0802739|varun-mbp.local|4.40625|3.26123046875|3.423828125
WARNING:influxdb_client.client.write.retry:The retriable error occurred during request. Reason: '<urllib3.connection.HTTPConnection object at 0x11159f190>: Failed to establish a new connection: [Errno 61] Connection refused'.
WARNING:urllib3.connectionpool:Retrying (WritesRetry(total=0, connect=None, read=None, redirect=None, status=None)) after connection broken by 'NewConnectionError('<urllib3.connection.HTTPConnection object at 0x11159f190>: Failed to establish a new connection: [Errno 61] Connection refused')': /api/v2/write?org=my-org&bucket=my-bucket&precision=ns
ERROR:influxdb_client.client.write_api:The batch item wasn't processed successfully because: HTTPConnectionPool(host='localhost', port=8086): Max retries exceeded with url: /api/v2/write?org=my-org&bucket=my-bucket&precision=ns (Caused by NewConnectionError('<urllib3.connection.HTTPConnection object at 0x11159f5b0>: Failed to establish a new connection: [Errno 61] Connection refused'))
DEBUG:schedule:Running job Job(interval=1, unit=seconds, do=publish_node_load, args=(), kwargs={})
INFO:root:1654120304.136082|varun-mbp.local|4.40625|3.26123046875|3.423828125
WARNING:influxdb_client.client.write.retry:The retriable error occurred during request. Reason: '<urllib3.connection.HTTPConnection object at 0x11178c4c0>: Failed to establish a new connection: [Errno 61] Connection refused'.
WARNING:urllib3.connectionpool:Retrying (WritesRetry(total=0, connect=None, read=None, redirect=None, status=None)) after connection broken by 'NewConnectionError('<urllib3.connection.HTTPConnection object at 0x11178c4c0>: Failed to establish a new connection: [Errno 61] Connection refused')': /api/v2/write?org=my-org&bucket=my-bucket&precision=ns
ERROR:influxdb_client.client.write_api:The batch item wasn't processed successfully because: HTTPConnectionPool(host='localhost', port=8086): Max retries exceeded with url: /api/v2/write?org=my-org&bucket=my-bucket&precision=ns (Caused by NewConnectionError('<urllib3.connection.HTTPConnection object at 0x11178c7f0>: Failed to establish a new connection: [Errno 61] Connection refused'))
DEBUG:schedule:Running job Job(interval=1, unit=seconds, do=publish_node_load, args=(), kwargs={})
INFO:root:1654120306.3653781|varun-mbp.local|4.21337890625|3.240234375|3.4150390625
WARNING:influxdb_client.client.write.retry:The retriable error occurred during request. Reason: '<urllib3.connection.HTTPConnection object at 0x1115a98b0>: Failed to establish a new connection: [Errno 61] Connection refused'.
WARNING:urllib3.connectionpool:Retrying (WritesRetry(total=0, connect=None, read=None, redirect=None, status=None)) after connection broken by 'NewConnectionError('<urllib3.connection.HTTPConnection object at 0x1115a98b0>: Failed to establish a new connection: [Errno 61] Connection refused')': /api/v2/write?org=my-org&bucket=my-bucket&precision=ns
ERROR:influxdb_client.client.write_api:The batch item wasn't processed successfully because: HTTPConnectionPool(host='localhost', port=8086): Max retries exceeded with url: /api/v2/write?org=my-org&bucket=my-bucket&precision=ns (Caused by NewConnectionError('<urllib3.connection.HTTPConnection object at 0x1115a99a0>: Failed to establish a new connection: [Errno 61] Connection refused'))
DEBUG:schedule:Running job Job(interval=1, unit=seconds, do=publish_node_load, args=(), kwargs={})
INFO:root:1654120308.495463|varun-mbp.local|4.21337890625|3.240234375|3.4150390625
WARNING:influxdb_client.client.write.retry:The retriable error occurred during request. Reason: '<urllib3.connection.HTTPConnection object at 0x1115a0ac0>: Failed to establish a new connection: [Errno 61] Connection refused'.
WARNING:urllib3.connectionpool:Retrying (WritesRetry(total=0, connect=None, read=None, redirect=None, status=None)) after connection broken by 'NewConnectionError('<urllib3.connection.HTTPConnection object at 0x1115a0ac0>: Failed to establish a new connection: [Errno 61] Connection refused')': /api/v2/write?org=my-org&bucket=my-bucket&precision=ns
ERROR:influxdb_client.client.write_api:The batch item wasn't processed successfully because: HTTPConnectionPool(host='localhost', port=8086): Max retries exceeded with url: /api/v2/write?org=my-org&bucket=my-bucket&precision=ns (Caused by NewConnectionError('<urllib3.connection.HTTPConnection object at 0x1113f4b80>: Failed to establish a new connection: [Errno 61] Connection refused'))
DEBUG:schedule:Running job Job(interval=1, unit=seconds, do=publish_node_load, args=(), kwargs={})
INFO:root:1654120310.83691|varun-mbp.local|4.0361328125|3.21923828125|3.40673828125
WARNING:influxdb_client.client.write.retry:The retriable error occurred during request. Reason: '<urllib3.connection.HTTPConnection object at 0x1115a9580>: Failed to establish a new connection: [Errno 61] Connection refused'.
WARNING:urllib3.connectionpool:Retrying (WritesRetry(total=0, connect=None, read=None, redirect=None, status=None)) after connection broken by 'NewConnectionError('<urllib3.connection.HTTPConnection object at 0x1115a9580>: Failed to establish a new connection: [Errno 61] Connection refused')': /api/v2/write?org=my-org&bucket=my-bucket&precision=ns
ERROR:influxdb_client.client.write_api:The batch item wasn't processed successfully because: HTTPConnectionPool(host='localhost', port=8086): Max retries exceeded with url: /api/v2/write?org=my-org&bucket=my-bucket&precision=ns (Caused by NewConnectionError('<urllib3.connection.HTTPConnection object at 0x11159f8b0>: Failed to establish a new connection: [Errno 61] Connection refused'))
DEBUG:schedule:Running job Job(interval=1, unit=seconds, do=publish_node_load, args=(), kwargs={})
INFO:root:1654700177.934727|varun-mbp.local|4.06787109375|3.99169921875|3.974609375
DEBUG:schedule:Running job Job(interval=1, unit=seconds, do=publish_node_load, args=(), kwargs={})
INFO:root:1654700179.211503|varun-mbp.local|3.98193359375|3.97509765625|3.96875
DEBUG:schedule:Running job Job(interval=1, unit=seconds, do=publish_node_load, args=(), kwargs={})
INFO:root:1654700180.318254|varun-mbp.local|3.98193359375|3.97509765625|3.96875
DEBUG:schedule:Running job Job(interval=1, unit=seconds, do=publish_node_load, args=(), kwargs={})
INFO:root:1654700181.427252|varun-mbp.local|3.98193359375|3.97509765625|3.96875
DEBUG:schedule:Running job Job(interval=1, unit=seconds, do=publish_node_load, args=(), kwargs={})
INFO:root:1654700182.532521|varun-mbp.local|3.98193359375|3.97509765625|3.96875
DEBUG:schedule:Running job Job(interval=1, unit=seconds, do=publish_node_load, args=(), kwargs={})
INFO:root:1654700183.640137|varun-mbp.local|3.90283203125|3.95849609375|3.962890625
DEBUG:schedule:Running job Job(interval=1, unit=seconds, do=publish_node_load, args=(), kwargs={})
INFO:root:1654700184.7451808|varun-mbp.local|3.90283203125|3.95849609375|3.962890625
DEBUG:schedule:Running job Job(interval=1, unit=seconds, do=publish_node_load, args=(), kwargs={})
INFO:root:1654700185.8525069|varun-mbp.local|3.90283203125|3.95849609375|3.962890625
DEBUG:schedule:Running job Job(interval=1, unit=seconds, do=publish_node_load, args=(), kwargs={})
INFO:root:1654700186.9642031|varun-mbp.local|3.90283203125|3.95849609375|3.962890625
DEBUG:schedule:Running job Job(interval=1, unit=seconds, do=publish_node_load, args=(), kwargs={})
INFO:root:1654700188.072459|varun-mbp.local|3.90283203125|3.95849609375|3.962890625
DEBUG:schedule:Running job Job(interval=1, unit=seconds, do=publish_node_load, args=(), kwargs={})
INFO:root:1654700189.177619|varun-mbp.local|3.990234375|3.9755859375|3.96875
DEBUG:schedule:Running job Job(interval=1, unit=seconds, do=publish_node_load, args=(), kwargs={})
INFO:root:1654700190.2864032|varun-mbp.local|3.990234375|3.9755859375|3.96875
DEBUG:schedule:Running job Job(interval=1, unit=seconds, do=publish_node_load, args=(), kwargs={})
INFO:root:1654700191.394871|varun-mbp.local|3.990234375|3.9755859375|3.96875
DEBUG:schedule:Running job Job(interval=1, unit=seconds, do=publish_node_load, args=(), kwargs={})
INFO:root:1654700192.5041778|varun-mbp.local|3.990234375|3.9755859375|3.96875
DEBUG:schedule:Running job Job(interval=1, unit=seconds, do=publish_node_load, args=(), kwargs={})
INFO:root:1654700193.614031|varun-mbp.local|4.15087890625|4.0087890625|3.98046875
DEBUG:schedule:Running job Job(interval=1, unit=seconds, do=publish_node_load, args=(), kwargs={})
INFO:root:1654700194.7194629|varun-mbp.local|4.15087890625|4.0087890625|3.98046875
DEBUG:schedule:Running job Job(interval=1, unit=seconds, do=publish_node_load, args=(), kwargs={})
INFO:root:1654700195.827837|varun-mbp.local|4.15087890625|4.0087890625|3.98046875
DEBUG:schedule:Running job Job(interval=1, unit=seconds, do=publish_node_load, args=(), kwargs={})
INFO:root:1654700196.9369202|varun-mbp.local|4.15087890625|4.0087890625|3.98046875
DEBUG:schedule:Running job Job(interval=1, unit=seconds, do=publish_node_load, args=(), kwargs={})
INFO:root:1654700198.048363|varun-mbp.local|4.15087890625|4.0087890625|3.98046875
DEBUG:schedule:Running job Job(interval=1, unit=seconds, do=publish_node_load, args=(), kwargs={})
INFO:root:1654700199.151722|varun-mbp.local|4.21875|4.02490234375|3.986328125
DEBUG:schedule:Running job Job(interval=1, unit=seconds, do=publish_node_load, args=(), kwargs={})
INFO:root:1654700200.2607622|varun-mbp.local|4.21875|4.02490234375|3.986328125
DEBUG:schedule:Running job Job(interval=1, unit=seconds, do=publish_node_load, args=(), kwargs={})
INFO:root:1654700201.368258|varun-mbp.local|4.21875|4.02490234375|3.986328125
DEBUG:schedule:Running job Job(interval=1, unit=seconds, do=publish_node_load, args=(), kwargs={})
INFO:root:1654700202.478497|varun-mbp.local|4.21875|4.02490234375|3.986328125
DEBUG:schedule:Running job Job(interval=1, unit=seconds, do=publish_node_load, args=(), kwargs={})
INFO:root:1654700203.5862882|varun-mbp.local|4.041015625|3.9912109375|3.974609375
DEBUG:schedule:Running job Job(interval=1, unit=seconds, do=publish_node_load, args=(), kwargs={})
INFO:root:1654700204.6945379|varun-mbp.local|4.041015625|3.9912109375|3.974609375
DEBUG:schedule:Running job Job(interval=1, unit=seconds, do=publish_node_load, args=(), kwargs={})
INFO:root:1654700205.7990599|varun-mbp.local|4.041015625|3.9912109375|3.974609375
DEBUG:schedule:Running job Job(interval=1, unit=seconds, do=publish_node_load, args=(), kwargs={})
INFO:root:1654700206.9107609|varun-mbp.local|4.041015625|3.9912109375|3.974609375
DEBUG:schedule:Running job Job(interval=1, unit=seconds, do=publish_node_load, args=(), kwargs={})
INFO:root:1654700208.018212|varun-mbp.local|4.041015625|3.9912109375|3.974609375
DEBUG:schedule:Running job Job(interval=1, unit=seconds, do=publish_node_load, args=(), kwargs={})
INFO:root:1654700209.126247|varun-mbp.local|3.95751953125|3.974609375|3.96875
DEBUG:schedule:Running job Job(interval=1, unit=seconds, do=publish_node_load, args=(), kwargs={})
INFO:root:1654700210.232106|varun-mbp.local|3.95751953125|3.974609375|3.96875
DEBUG:schedule:Running job Job(interval=1, unit=seconds, do=publish_node_load, args=(), kwargs={})
INFO:root:1654700211.34384|varun-mbp.local|3.95751953125|3.974609375|3.96875
DEBUG:schedule:Running job Job(interval=1, unit=seconds, do=publish_node_load, args=(), kwargs={})
INFO:root:1654700212.4472032|varun-mbp.local|3.95751953125|3.974609375|3.96875
DEBUG:schedule:Running job Job(interval=1, unit=seconds, do=publish_node_load, args=(), kwargs={})
INFO:root:1654700213.557803|varun-mbp.local|3.88037109375|3.9580078125|3.962890625
DEBUG:schedule:Running job Job(interval=1, unit=seconds, do=publish_node_load, args=(), kwargs={})
INFO:root:1654700214.665419|varun-mbp.local|3.88037109375|3.9580078125|3.962890625
DEBUG:schedule:Running job Job(interval=1, unit=seconds, do=publish_node_load, args=(), kwargs={})
INFO:root:1654700215.777526|varun-mbp.local|3.88037109375|3.9580078125|3.962890625
DEBUG:schedule:Running job Job(interval=1, unit=seconds, do=publish_node_load, args=(), kwargs={})
INFO:root:1654700332.4005089|varun-mbp.local|4.42431640625|4.15380859375|4.03759765625
DEBUG:schedule:Running job Job(interval=1, unit=seconds, do=publish_node_load, args=(), kwargs={})
INFO:root:1654700333.566831|varun-mbp.local|4.42431640625|4.15380859375|4.03759765625
DEBUG:schedule:Running job Job(interval=1, unit=seconds, do=publish_node_load, args=(), kwargs={})
INFO:root:1654700334.676316|varun-mbp.local|4.39013671875|4.15087890625|4.037109375
DEBUG:schedule:Running job Job(interval=1, unit=seconds, do=publish_node_load, args=(), kwargs={})
INFO:root:1654700335.781476|varun-mbp.local|4.39013671875|4.15087890625|4.037109375
DEBUG:schedule:Running job Job(interval=1, unit=seconds, do=publish_node_load, args=(), kwargs={})
INFO:root:1654700336.8919418|varun-mbp.local|4.39013671875|4.15087890625|4.037109375
DEBUG:schedule:Running job Job(interval=1, unit=seconds, do=publish_node_load, args=(), kwargs={})
INFO:root:1654700338.001394|varun-mbp.local|4.39013671875|4.15087890625|4.037109375
DEBUG:schedule:Running job Job(interval=1, unit=seconds, do=publish_node_load, args=(), kwargs={})
INFO:root:1654700339.1080909|varun-mbp.local|4.19873046875|4.11474609375|4.02490234375
DEBUG:schedule:Running job Job(interval=1, unit=seconds, do=publish_node_load, args=(), kwargs={})
INFO:root:1654700340.2179|varun-mbp.local|4.19873046875|4.11474609375|4.02490234375
DEBUG:schedule:Running job Job(interval=1, unit=seconds, do=publish_node_load, args=(), kwargs={})
INFO:root:1654700341.327735|varun-mbp.local|4.19873046875|4.11474609375|4.02490234375
DEBUG:schedule:Running job Job(interval=1, unit=seconds, do=publish_node_load, args=(), kwargs={})
INFO:root:1654700342.433718|varun-mbp.local|4.19873046875|4.11474609375|4.02490234375
DEBUG:schedule:Running job Job(interval=1, unit=seconds, do=publish_node_load, args=(), kwargs={})
INFO:root:1654700343.542124|varun-mbp.local|4.19873046875|4.11474609375|4.02490234375
DEBUG:schedule:Running job Job(interval=1, unit=seconds, do=publish_node_load, args=(), kwargs={})
INFO:root:1654700344.651534|varun-mbp.local|4.1025390625|4.09619140625|4.0185546875
DEBUG:schedule:Running job Job(interval=1, unit=seconds, do=publish_node_load, args=(), kwargs={})
INFO:root:1654700345.7593658|varun-mbp.local|4.1025390625|4.09619140625|4.0185546875
DEBUG:schedule:Running job Job(interval=1, unit=seconds, do=publish_node_load, args=(), kwargs={})
INFO:root:1654700346.873087|varun-mbp.local|4.1025390625|4.09619140625|4.0185546875
DEBUG:schedule:Running job Job(interval=1, unit=seconds, do=publish_node_load, args=(), kwargs={})
INFO:root:1654700347.982953|varun-mbp.local|4.1025390625|4.09619140625|4.0185546875
DEBUG:schedule:Running job Job(interval=1, unit=seconds, do=publish_node_load, args=(), kwargs={})
INFO:root:1654700349.0879302|varun-mbp.local|4.01416015625|4.07763671875|4.01220703125
DEBUG:schedule:Running job Job(interval=1, unit=seconds, do=publish_node_load, args=(), kwargs={})
INFO:root:1654700350.199072|varun-mbp.local|4.01416015625|4.07763671875|4.01220703125
DEBUG:schedule:Running job Job(interval=1, unit=seconds, do=publish_node_load, args=(), kwargs={})
INFO:root:1654700351.305699|varun-mbp.local|4.01416015625|4.07763671875|4.01220703125
DEBUG:schedule:Running job Job(interval=1, unit=seconds, do=publish_node_load, args=(), kwargs={})
INFO:root:1654700352.4146008|varun-mbp.local|4.01416015625|4.07763671875|4.01220703125
DEBUG:schedule:Running job Job(interval=1, unit=seconds, do=publish_node_load, args=(), kwargs={})
INFO:root:1654700353.521781|varun-mbp.local|4.01416015625|4.07763671875|4.01220703125
DEBUG:schedule:Running job Job(interval=1, unit=seconds, do=publish_node_load, args=(), kwargs={})
INFO:root:1654700354.628896|varun-mbp.local|4.0927734375|4.0927734375|4.017578125
DEBUG:schedule:Running job Job(interval=1, unit=seconds, do=publish_node_load, args=(), kwargs={})
INFO:root:1654700355.7385721|varun-mbp.local|4.0927734375|4.0927734375|4.017578125
DEBUG:schedule:Running job Job(interval=1, unit=seconds, do=publish_node_load, args=(), kwargs={})
INFO:root:1654700356.9493709|varun-mbp.local|4.0927734375|4.0927734375|4.017578125
DEBUG:schedule:Running job Job(interval=1, unit=seconds, do=publish_node_load, args=(), kwargs={})
INFO:root:1654700358.0552719|varun-mbp.local|4.0927734375|4.0927734375|4.017578125
DEBUG:schedule:Running job Job(interval=1, unit=seconds, do=publish_node_load, args=(), kwargs={})
INFO:root:1654700359.167518|varun-mbp.local|4.0048828125|4.07421875|4.01123046875
DEBUG:schedule:Running job Job(interval=1, unit=seconds, do=publish_node_load, args=(), kwargs={})
INFO:root:1654700360.2796621|varun-mbp.local|4.0048828125|4.07421875|4.01123046875
DEBUG:schedule:Running job Job(interval=1, unit=seconds, do=publish_node_load, args=(), kwargs={})
INFO:root:1654700361.387999|varun-mbp.local|4.0048828125|4.07421875|4.01123046875
DEBUG:schedule:Running job Job(interval=1, unit=seconds, do=publish_node_load, args=(), kwargs={})
INFO:root:1654700362.4984|varun-mbp.local|4.0048828125|4.07421875|4.01123046875
DEBUG:schedule:Running job Job(interval=1, unit=seconds, do=publish_node_load, args=(), kwargs={})
INFO:root:1654700363.603627|varun-mbp.local|4.0048828125|4.07421875|4.01123046875
DEBUG:schedule:Running job Job(interval=1, unit=seconds, do=publish_node_load, args=(), kwargs={})
INFO:root:1654700364.713234|varun-mbp.local|4.24462890625|4.12255859375|4.0283203125
DEBUG:schedule:Running job Job(interval=1, unit=seconds, do=publish_node_load, args=(), kwargs={})
INFO:root:1654700365.823603|varun-mbp.local|4.24462890625|4.12255859375|4.0283203125
DEBUG:schedule:Running job Job(interval=1, unit=seconds, do=publish_node_load, args=(), kwargs={})
INFO:root:1654700366.934641|varun-mbp.local|4.24462890625|4.12255859375|4.0283203125
DEBUG:schedule:Running job Job(interval=1, unit=seconds, do=publish_node_load, args=(), kwargs={})
INFO:root:1654700368.04097|varun-mbp.local|4.24462890625|4.12255859375|4.0283203125
DEBUG:schedule:Running job Job(interval=1, unit=seconds, do=publish_node_load, args=(), kwargs={})
INFO:root:1654700369.150035|varun-mbp.local|3.984375|4.0703125|4.01025390625
DEBUG:schedule:Running job Job(interval=1, unit=seconds, do=publish_node_load, args=(), kwargs={})
INFO:root:1654700370.259849|varun-mbp.local|3.984375|4.0703125|4.01025390625
DEBUG:schedule:Running job Job(interval=1, unit=seconds, do=publish_node_load, args=(), kwargs={})
INFO:root:1654700371.368598|varun-mbp.local|3.984375|4.0703125|4.01025390625
DEBUG:schedule:Running job Job(interval=1, unit=seconds, do=publish_node_load, args=(), kwargs={})
INFO:root:1654700372.479868|varun-mbp.local|3.984375|4.0703125|4.01025390625
DEBUG:schedule:Running job Job(interval=1, unit=seconds, do=publish_node_load, args=(), kwargs={})
INFO:root:1654700373.5897138|varun-mbp.local|3.984375|4.0703125|4.01025390625
DEBUG:schedule:Running job Job(interval=1, unit=seconds, do=publish_node_load, args=(), kwargs={})
INFO:root:1654700374.701129|varun-mbp.local|3.9853515625|4.06884765625|4.009765625
DEBUG:schedule:Running job Job(interval=1, unit=seconds, do=publish_node_load, args=(), kwargs={})
INFO:root:1654700375.806792|varun-mbp.local|3.9853515625|4.06884765625|4.009765625
DEBUG:schedule:Running job Job(interval=1, unit=seconds, do=publish_node_load, args=(), kwargs={})
INFO:root:1654700376.9210901|varun-mbp.local|3.9853515625|4.06884765625|4.009765625
DEBUG:schedule:Running job Job(interval=1, unit=seconds, do=publish_node_load, args=(), kwargs={})
INFO:root:1654700378.028766|varun-mbp.local|3.9853515625|4.06884765625|4.009765625
DEBUG:schedule:Running job Job(interval=1, unit=seconds, do=publish_node_load, args=(), kwargs={})
INFO:root:1654700379.136916|varun-mbp.local|3.74609375|4.017578125|3.99169921875
DEBUG:schedule:Running job Job(interval=1, unit=seconds, do=publish_node_load, args=(), kwargs={})
INFO:root:1654700380.246825|varun-mbp.local|3.74609375|4.017578125|3.99169921875
DEBUG:schedule:Running job Job(interval=1, unit=seconds, do=publish_node_load, args=(), kwargs={})
INFO:root:1654700381.354005|varun-mbp.local|3.74609375|4.017578125|3.99169921875
DEBUG:schedule:Running job Job(interval=1, unit=seconds, do=publish_node_load, args=(), kwargs={})
INFO:root:1654700382.463808|varun-mbp.local|3.74609375|4.017578125|3.99169921875
DEBUG:schedule:Running job Job(interval=1, unit=seconds, do=publish_node_load, args=(), kwargs={})
INFO:root:1654700383.568809|varun-mbp.local|3.74609375|4.017578125|3.99169921875
DEBUG:schedule:Running job Job(interval=1, unit=seconds, do=publish_node_load, args=(), kwargs={})
INFO:root:1654700384.680309|varun-mbp.local|3.92626953125|4.05029296875|4.00341796875
DEBUG:schedule:Running job Job(interval=1, unit=seconds, do=publish_node_load, args=(), kwargs={})
INFO:root:1654700385.79916|varun-mbp.local|3.92626953125|4.05029296875|4.00341796875
DEBUG:schedule:Running job Job(interval=1, unit=seconds, do=publish_node_load, args=(), kwargs={})
INFO:root:1654700386.9036531|varun-mbp.local|3.92626953125|4.05029296875|4.00341796875
DEBUG:schedule:Running job Job(interval=1, unit=seconds, do=publish_node_load, args=(), kwargs={})
INFO:root:1654700388.01075|varun-mbp.local|3.92626953125|4.05029296875|4.00341796875
DEBUG:schedule:Running job Job(interval=1, unit=seconds, do=publish_node_load, args=(), kwargs={})
INFO:root:1654700389.120148|varun-mbp.local|4.33251953125|4.13232421875|4.0322265625
DEBUG:schedule:Running job Job(interval=1, unit=seconds, do=publish_node_load, args=(), kwargs={})
INFO:root:1654700390.226763|varun-mbp.local|4.33251953125|4.13232421875|4.0322265625
DEBUG:schedule:Running job Job(interval=1, unit=seconds, do=publish_node_load, args=(), kwargs={})
INFO:root:1654700391.3347719|varun-mbp.local|4.33251953125|4.13232421875|4.0322265625
DEBUG:schedule:Running job Job(interval=1, unit=seconds, do=publish_node_load, args=(), kwargs={})
INFO:root:1654700392.445081|varun-mbp.local|4.33251953125|4.13232421875|4.0322265625
DEBUG:schedule:Running job Job(interval=1, unit=seconds, do=publish_node_load, args=(), kwargs={})
INFO:root:1654700393.558937|varun-mbp.local|4.33251953125|4.13232421875|4.0322265625
DEBUG:schedule:Running job Job(interval=1, unit=seconds, do=publish_node_load, args=(), kwargs={})
INFO:root:1654700394.674888|varun-mbp.local|4.3857421875|4.146484375|4.03759765625
DEBUG:schedule:Running job Job(interval=1, unit=seconds, do=publish_node_load, args=(), kwargs={})
INFO:root:1654700395.779969|varun-mbp.local|4.3857421875|4.146484375|4.03759765625
DEBUG:schedule:Running job Job(interval=1, unit=seconds, do=publish_node_load, args=(), kwargs={})
INFO:root:1654700396.887228|varun-mbp.local|4.3857421875|4.146484375|4.03759765625
DEBUG:schedule:Running job Job(interval=1, unit=seconds, do=publish_node_load, args=(), kwargs={})
INFO:root:1654700397.996018|varun-mbp.local|4.3857421875|4.146484375|4.03759765625
DEBUG:schedule:Running job Job(interval=1, unit=seconds, do=publish_node_load, args=(), kwargs={})
INFO:root:1654700399.101919|varun-mbp.local|4.5146484375|4.17724609375|4.048828125
DEBUG:schedule:Running job Job(interval=1, unit=seconds, do=publish_node_load, args=(), kwargs={})
INFO:root:1654700400.2118049|varun-mbp.local|4.5146484375|4.17724609375|4.048828125
DEBUG:schedule:Running job Job(interval=1, unit=seconds, do=publish_node_load, args=(), kwargs={})
INFO:root:1654700401.32323|varun-mbp.local|4.5146484375|4.17724609375|4.048828125
DEBUG:schedule:Running job Job(interval=1, unit=seconds, do=publish_node_load, args=(), kwargs={})
INFO:root:1654700402.4346828|varun-mbp.local|4.5146484375|4.17724609375|4.048828125
DEBUG:schedule:Running job Job(interval=1, unit=seconds, do=publish_node_load, args=(), kwargs={})
INFO:root:1654700403.5441248|varun-mbp.local|4.5146484375|4.17724609375|4.048828125
DEBUG:schedule:Running job Job(interval=1, unit=seconds, do=publish_node_load, args=(), kwargs={})
INFO:root:1654700404.654876|varun-mbp.local|4.95361328125|4.2734375|4.08349609375
DEBUG:schedule:Running job Job(interval=1, unit=seconds, do=publish_node_load, args=(), kwargs={})
INFO:root:1654700405.766282|varun-mbp.local|4.95361328125|4.2734375|4.08349609375
DEBUG:schedule:Running job Job(interval=1, unit=seconds, do=publish_node_load, args=(), kwargs={})
INFO:root:1654700406.875471|varun-mbp.local|4.95361328125|4.2734375|4.08349609375
DEBUG:schedule:Running job Job(interval=1, unit=seconds, do=publish_node_load, args=(), kwargs={})
INFO:root:1654700407.9821599|varun-mbp.local|4.95361328125|4.2734375|4.08349609375
DEBUG:schedule:Running job Job(interval=1, unit=seconds, do=publish_node_load, args=(), kwargs={})
INFO:root:1654700409.097662|varun-mbp.local|4.95703125|4.28515625|4.08837890625
DEBUG:schedule:Running job Job(interval=1, unit=seconds, do=publish_node_load, args=(), kwargs={})
INFO:root:1654700410.207235|varun-mbp.local|4.95703125|4.28515625|4.08837890625
DEBUG:schedule:Running job Job(interval=1, unit=seconds, do=publish_node_load, args=(), kwargs={})
INFO:root:1654700411.31777|varun-mbp.local|4.95703125|4.28515625|4.08837890625
DEBUG:schedule:Running job Job(interval=1, unit=seconds, do=publish_node_load, args=(), kwargs={})
INFO:root:1654700412.431448|varun-mbp.local|4.95703125|4.28515625|4.08837890625
DEBUG:schedule:Running job Job(interval=1, unit=seconds, do=publish_node_load, args=(), kwargs={})
INFO:root:1654700413.5356648|varun-mbp.local|4.95703125|4.28515625|4.08837890625
DEBUG:schedule:Running job Job(interval=1, unit=seconds, do=publish_node_load, args=(), kwargs={})
INFO:root:1654700414.647679|varun-mbp.local|4.72021484375|4.2470703125|4.07568359375
DEBUG:schedule:Running job Job(interval=1, unit=seconds, do=publish_node_load, args=(), kwargs={})
INFO:root:1654700415.758678|varun-mbp.local|4.72021484375|4.2470703125|4.07568359375
DEBUG:schedule:Running job Job(interval=1, unit=seconds, do=publish_node_load, args=(), kwargs={})
INFO:root:1654700416.869854|varun-mbp.local|4.72021484375|4.2470703125|4.07568359375
DEBUG:schedule:Running job Job(interval=1, unit=seconds, do=publish_node_load, args=(), kwargs={})
INFO:root:1654700417.981029|varun-mbp.local|4.72021484375|4.2470703125|4.07568359375
DEBUG:schedule:Running job Job(interval=1, unit=seconds, do=publish_node_load, args=(), kwargs={})
INFO:root:1654700419.087744|varun-mbp.local|4.421875|4.19287109375|4.0576171875
DEBUG:schedule:Running job Job(interval=1, unit=seconds, do=publish_node_load, args=(), kwargs={})
INFO:root:1654700420.200181|varun-mbp.local|4.421875|4.19287109375|4.0576171875
DEBUG:schedule:Running job Job(interval=1, unit=seconds, do=publish_node_load, args=(), kwargs={})
INFO:root:1654700421.3129332|varun-mbp.local|4.421875|4.19287109375|4.0576171875
DEBUG:schedule:Running job Job(interval=1, unit=seconds, do=publish_node_load, args=(), kwargs={})
INFO:root:1654700422.426177|varun-mbp.local|4.421875|4.19287109375|4.0576171875
DEBUG:schedule:Running job Job(interval=1, unit=seconds, do=publish_node_load, args=(), kwargs={})
INFO:root:1654700423.537319|varun-mbp.local|4.421875|4.19287109375|4.0576171875
DEBUG:schedule:Running job Job(interval=1, unit=seconds, do=publish_node_load, args=(), kwargs={})
INFO:root:1654700424.647485|varun-mbp.local|4.3876953125|4.189453125|4.05712890625
DEBUG:schedule:Running job Job(interval=1, unit=seconds, do=publish_node_load, args=(), kwargs={})
INFO:root:1654700425.7554371|varun-mbp.local|4.3876953125|4.189453125|4.05712890625
DEBUG:schedule:Running job Job(interval=1, unit=seconds, do=publish_node_load, args=(), kwargs={})
INFO:root:1654700426.8655481|varun-mbp.local|4.3876953125|4.189453125|4.05712890625
DEBUG:schedule:Running job Job(interval=1, unit=seconds, do=publish_node_load, args=(), kwargs={})
INFO:root:1654700427.971992|varun-mbp.local|4.3876953125|4.189453125|4.05712890625
DEBUG:schedule:Running job Job(interval=1, unit=seconds, do=publish_node_load, args=(), kwargs={})
INFO:root:1654700429.083361|varun-mbp.local|4.1962890625|4.15283203125|4.044921875
DEBUG:schedule:Running job Job(interval=1, unit=seconds, do=publish_node_load, args=(), kwargs={})
INFO:root:1654700430.187667|varun-mbp.local|4.1962890625|4.15283203125|4.044921875
DEBUG:schedule:Running job Job(interval=1, unit=seconds, do=publish_node_load, args=(), kwargs={})
INFO:root:1654700431.291332|varun-mbp.local|4.1962890625|4.15283203125|4.044921875
DEBUG:schedule:Running job Job(interval=1, unit=seconds, do=publish_node_load, args=(), kwargs={})
INFO:root:1654700432.400578|varun-mbp.local|4.1962890625|4.15283203125|4.044921875
DEBUG:schedule:Running job Job(interval=1, unit=seconds, do=publish_node_load, args=(), kwargs={})
INFO:root:1654700433.5061|varun-mbp.local|4.1962890625|4.15283203125|4.044921875
DEBUG:schedule:Running job Job(interval=1, unit=seconds, do=publish_node_load, args=(), kwargs={})
INFO:root:1654700434.617057|varun-mbp.local|4.10009765625|4.13330078125|4.03857421875
DEBUG:schedule:Running job Job(interval=1, unit=seconds, do=publish_node_load, args=(), kwargs={})
INFO:root:1654700435.723707|varun-mbp.local|4.10009765625|4.13330078125|4.03857421875
DEBUG:schedule:Running job Job(interval=1, unit=seconds, do=publish_node_load, args=(), kwargs={})
INFO:root:1654700436.83418|varun-mbp.local|4.10009765625|4.13330078125|4.03857421875
DEBUG:schedule:Running job Job(interval=1, unit=seconds, do=publish_node_load, args=(), kwargs={})
INFO:root:1654700437.93822|varun-mbp.local|4.10009765625|4.13330078125|4.03857421875
DEBUG:schedule:Running job Job(interval=1, unit=seconds, do=publish_node_load, args=(), kwargs={})
INFO:root:1654700439.050753|varun-mbp.local|3.8515625|4.0810546875|4.0205078125
DEBUG:schedule:Running job Job(interval=1, unit=seconds, do=publish_node_load, args=(), kwargs={})
INFO:root:1654700440.158286|varun-mbp.local|3.8515625|4.0810546875|4.0205078125
DEBUG:schedule:Running job Job(interval=1, unit=seconds, do=publish_node_load, args=(), kwargs={})
INFO:root:1654700441.2672682|varun-mbp.local|3.8515625|4.0810546875|4.0205078125
DEBUG:schedule:Running job Job(interval=1, unit=seconds, do=publish_node_load, args=(), kwargs={})
INFO:root:1654700442.37703|varun-mbp.local|3.8515625|4.0810546875|4.0205078125
DEBUG:schedule:Running job Job(interval=1, unit=seconds, do=publish_node_load, args=(), kwargs={})
INFO:root:1654700443.484621|varun-mbp.local|3.8515625|4.0810546875|4.0205078125
DEBUG:schedule:Running job Job(interval=1, unit=seconds, do=publish_node_load, args=(), kwargs={})
INFO:root:1654700444.5946932|varun-mbp.local|3.623046875|4.02978515625|4.00244140625
DEBUG:schedule:Running job Job(interval=1, unit=seconds, do=publish_node_load, args=(), kwargs={})
INFO:root:1654700445.70523|varun-mbp.local|3.623046875|4.02978515625|4.00244140625
DEBUG:schedule:Running job Job(interval=1, unit=seconds, do=publish_node_load, args=(), kwargs={})
INFO:root:1654700446.817518|varun-mbp.local|3.623046875|4.02978515625|4.00244140625
DEBUG:schedule:Running job Job(interval=1, unit=seconds, do=publish_node_load, args=(), kwargs={})
INFO:root:1654700447.9210901|varun-mbp.local|3.623046875|4.02978515625|4.00244140625
DEBUG:schedule:Running job Job(interval=1, unit=seconds, do=publish_node_load, args=(), kwargs={})
INFO:root:1654700449.0300438|varun-mbp.local|3.57275390625|4.01220703125|3.99609375
DEBUG:schedule:Running job Job(interval=1, unit=seconds, do=publish_node_load, args=(), kwargs={})
INFO:root:1654700450.1402292|varun-mbp.local|3.57275390625|4.01220703125|3.99609375
DEBUG:schedule:Running job Job(interval=1, unit=seconds, do=publish_node_load, args=(), kwargs={})
INFO:root:1654700451.251074|varun-mbp.local|3.57275390625|4.01220703125|3.99609375
DEBUG:schedule:Running job Job(interval=1, unit=seconds, do=publish_node_load, args=(), kwargs={})
INFO:root:1654700452.357715|varun-mbp.local|3.57275390625|4.01220703125|3.99609375
DEBUG:schedule:Running job Job(interval=1, unit=seconds, do=publish_node_load, args=(), kwargs={})
INFO:root:1654700453.4676101|varun-mbp.local|3.57275390625|4.01220703125|3.99609375
DEBUG:schedule:Running job Job(interval=1, unit=seconds, do=publish_node_load, args=(), kwargs={})
INFO:root:1654700454.570715|varun-mbp.local|3.60693359375|4.01171875|3.99609375
DEBUG:schedule:Running job Job(interval=1, unit=seconds, do=publish_node_load, args=(), kwargs={})
INFO:root:1654700455.695743|varun-mbp.local|3.60693359375|4.01171875|3.99609375
DEBUG:schedule:Running job Job(interval=1, unit=seconds, do=publish_node_load, args=(), kwargs={})
INFO:root:1654700456.809241|varun-mbp.local|3.60693359375|4.01171875|3.99609375
DEBUG:schedule:Running job Job(interval=1, unit=seconds, do=publish_node_load, args=(), kwargs={})
INFO:root:1654700457.917944|varun-mbp.local|3.60693359375|4.01171875|3.99609375
DEBUG:schedule:Running job Job(interval=1, unit=seconds, do=publish_node_load, args=(), kwargs={})
INFO:root:1654700459.029824|varun-mbp.local|3.39794921875|3.96142578125|3.978515625
DEBUG:schedule:Running job Job(interval=1, unit=seconds, do=publish_node_load, args=(), kwargs={})
INFO:root:1654700460.1367948|varun-mbp.local|3.39794921875|3.96142578125|3.978515625
DEBUG:schedule:Running job Job(interval=1, unit=seconds, do=publish_node_load, args=(), kwargs={})
INFO:root:1654700461.246515|varun-mbp.local|3.39794921875|3.96142578125|3.978515625
DEBUG:schedule:Running job Job(interval=1, unit=seconds, do=publish_node_load, args=(), kwargs={})
INFO:root:1654700462.352426|varun-mbp.local|3.39794921875|3.96142578125|3.978515625
DEBUG:schedule:Running job Job(interval=1, unit=seconds, do=publish_node_load, args=(), kwargs={})
INFO:root:1654700463.456905|varun-mbp.local|3.39794921875|3.96142578125|3.978515625
DEBUG:schedule:Running job Job(interval=1, unit=seconds, do=publish_node_load, args=(), kwargs={})
INFO:root:1654700464.568598|varun-mbp.local|3.28564453125|3.9287109375|3.966796875
DEBUG:schedule:Running job Job(interval=1, unit=seconds, do=publish_node_load, args=(), kwargs={})
INFO:root:1654700465.681258|varun-mbp.local|3.28564453125|3.9287109375|3.966796875
DEBUG:schedule:Running job Job(interval=1, unit=seconds, do=publish_node_load, args=(), kwargs={})
INFO:root:1654700466.7926242|varun-mbp.local|3.28564453125|3.9287109375|3.966796875
DEBUG:schedule:Running job Job(interval=1, unit=seconds, do=publish_node_load, args=(), kwargs={})
INFO:root:1654701081.7898822|varun-mbp.local|5.037109375|4.0029296875|3.98095703125
DEBUG:schedule:Running job Job(interval=1, unit=seconds, do=publish_node_load, args=(), kwargs={})
INFO:root:1654701082.971318|varun-mbp.local|5.037109375|4.0029296875|3.98095703125
DEBUG:schedule:Running job Job(interval=1, unit=seconds, do=publish_node_load, args=(), kwargs={})
INFO:root:1654701084.077722|varun-mbp.local|5.037109375|4.0029296875|3.98095703125
DEBUG:schedule:Running job Job(interval=1, unit=seconds, do=publish_node_load, args=(), kwargs={})
INFO:root:1654701085.18669|varun-mbp.local|5.037109375|4.0029296875|3.98095703125
DEBUG:schedule:Running job Job(interval=1, unit=seconds, do=publish_node_load, args=(), kwargs={})
INFO:root:1654701086.299387|varun-mbp.local|4.71337890625|3.95263671875|3.96337890625
DEBUG:schedule:Running job Job(interval=1, unit=seconds, do=publish_node_load, args=(), kwargs={})
INFO:root:1654701087.410197|varun-mbp.local|4.71337890625|3.95263671875|3.96337890625
DEBUG:schedule:Running job Job(interval=1, unit=seconds, do=publish_node_load, args=(), kwargs={})
INFO:root:1654701088.521048|varun-mbp.local|4.71337890625|3.95263671875|3.96337890625
DEBUG:schedule:Running job Job(interval=1, unit=seconds, do=publish_node_load, args=(), kwargs={})
INFO:root:1654701089.631806|varun-mbp.local|4.71337890625|3.95263671875|3.96337890625
DEBUG:schedule:Running job Job(interval=1, unit=seconds, do=publish_node_load, args=(), kwargs={})
INFO:root:1654701090.737421|varun-mbp.local|4.9765625|4.01953125|3.98681640625
DEBUG:schedule:Running job Job(interval=1, unit=seconds, do=publish_node_load, args=(), kwargs={})
INFO:root:1654701091.8475368|varun-mbp.local|4.9765625|4.01953125|3.98681640625
DEBUG:schedule:Running job Job(interval=1, unit=seconds, do=publish_node_load, args=(), kwargs={})
INFO:root:1654701092.95491|varun-mbp.local|4.9765625|4.01953125|3.98681640625
DEBUG:schedule:Running job Job(interval=1, unit=seconds, do=publish_node_load, args=(), kwargs={})
INFO:root:1654701094.0596328|varun-mbp.local|4.9765625|4.01953125|3.98681640625
DEBUG:schedule:Running job Job(interval=1, unit=seconds, do=publish_node_load, args=(), kwargs={})
INFO:root:1654701095.165312|varun-mbp.local|4.9765625|4.01953125|3.98681640625
DEBUG:schedule:Running job Job(interval=1, unit=seconds, do=publish_node_load, args=(), kwargs={})
INFO:root:1654701096.274834|varun-mbp.local|4.81787109375|4.00244140625|3.98095703125
DEBUG:schedule:Running job Job(interval=1, unit=seconds, do=publish_node_load, args=(), kwargs={})
INFO:root:1654701097.3856761|varun-mbp.local|4.81787109375|4.00244140625|3.98095703125
DEBUG:schedule:Running job Job(interval=1, unit=seconds, do=publish_node_load, args=(), kwargs={})
INFO:root:1654701098.495612|varun-mbp.local|4.81787109375|4.00244140625|3.98095703125
DEBUG:schedule:Running job Job(interval=1, unit=seconds, do=publish_node_load, args=(), kwargs={})
INFO:root:1654701099.605647|varun-mbp.local|4.81787109375|4.00244140625|3.98095703125
DEBUG:schedule:Running job Job(interval=1, unit=seconds, do=publish_node_load, args=(), kwargs={})
INFO:root:1654701100.715151|varun-mbp.local|4.591796875|3.96875|3.96923828125
DEBUG:schedule:Running job Job(interval=1, unit=seconds, do=publish_node_load, args=(), kwargs={})
INFO:root:1654701101.825778|varun-mbp.local|4.591796875|3.96875|3.96923828125
DEBUG:schedule:Running job Job(interval=1, unit=seconds, do=publish_node_load, args=(), kwargs={})
INFO:root:1654701102.934714|varun-mbp.local|4.591796875|3.96875|3.96923828125
DEBUG:schedule:Running job Job(interval=1, unit=seconds, do=publish_node_load, args=(), kwargs={})
INFO:root:1654701104.04186|varun-mbp.local|4.591796875|3.96875|3.96923828125
DEBUG:schedule:Running job Job(interval=1, unit=seconds, do=publish_node_load, args=(), kwargs={})
INFO:root:1654701105.146497|varun-mbp.local|4.591796875|3.96875|3.96923828125
DEBUG:schedule:Running job Job(interval=1, unit=seconds, do=publish_node_load, args=(), kwargs={})
INFO:root:1654701106.2565958|varun-mbp.local|4.7841796875|4.01904296875|3.98681640625
DEBUG:schedule:Running job Job(interval=1, unit=seconds, do=publish_node_load, args=(), kwargs={})
INFO:root:1654701107.366142|varun-mbp.local|4.7841796875|4.01904296875|3.98681640625
DEBUG:schedule:Running job Job(interval=1, unit=seconds, do=publish_node_load, args=(), kwargs={})
INFO:root:1654701108.475183|varun-mbp.local|4.7841796875|4.01904296875|3.98681640625
DEBUG:schedule:Running job Job(interval=1, unit=seconds, do=publish_node_load, args=(), kwargs={})
INFO:root:1654701109.580248|varun-mbp.local|4.7841796875|4.01904296875|3.98681640625
DEBUG:schedule:Running job Job(interval=1, unit=seconds, do=publish_node_load, args=(), kwargs={})
INFO:root:1654701110.6880891|varun-mbp.local|4.64111328125|4.001953125|3.98095703125
DEBUG:schedule:Running job Job(interval=1, unit=seconds, do=publish_node_load, args=(), kwargs={})
INFO:root:1654701111.7991629|varun-mbp.local|4.64111328125|4.001953125|3.98095703125
DEBUG:schedule:Running job Job(interval=1, unit=seconds, do=publish_node_load, args=(), kwargs={})
INFO:root:1654701112.908381|varun-mbp.local|4.64111328125|4.001953125|3.98095703125
DEBUG:schedule:Running job Job(interval=1, unit=seconds, do=publish_node_load, args=(), kwargs={})
INFO:root:1654701114.018781|varun-mbp.local|4.64111328125|4.001953125|3.98095703125
DEBUG:schedule:Running job Job(interval=1, unit=seconds, do=publish_node_load, args=(), kwargs={})
INFO:root:1654701115.1244538|varun-mbp.local|4.64111328125|4.001953125|3.98095703125
DEBUG:schedule:Running job Job(interval=1, unit=seconds, do=publish_node_load, args=(), kwargs={})
INFO:root:1654701116.2336519|varun-mbp.local|4.50927734375|3.98486328125|3.97509765625
DEBUG:schedule:Running job Job(interval=1, unit=seconds, do=publish_node_load, args=(), kwargs={})
INFO:root:1654701117.339434|varun-mbp.local|4.50927734375|3.98486328125|3.97509765625
DEBUG:schedule:Running job Job(interval=1, unit=seconds, do=publish_node_load, args=(), kwargs={})
INFO:root:1654701118.449385|varun-mbp.local|4.50927734375|3.98486328125|3.97509765625
DEBUG:schedule:Running job Job(interval=1, unit=seconds, do=publish_node_load, args=(), kwargs={})
INFO:root:1654701119.554395|varun-mbp.local|4.50927734375|3.98486328125|3.97509765625
DEBUG:schedule:Running job Job(interval=1, unit=seconds, do=publish_node_load, args=(), kwargs={})
INFO:root:1654701120.6620731|varun-mbp.local|4.22802734375|3.93505859375|3.95751953125
DEBUG:schedule:Running job Job(interval=1, unit=seconds, do=publish_node_load, args=(), kwargs={})
INFO:root:1654701121.7648|varun-mbp.local|4.22802734375|3.93505859375|3.95751953125
DEBUG:schedule:Running job Job(interval=1, unit=seconds, do=publish_node_load, args=(), kwargs={})
INFO:root:1654701122.874594|varun-mbp.local|4.22802734375|3.93505859375|3.95751953125
DEBUG:schedule:Running job Job(interval=1, unit=seconds, do=publish_node_load, args=(), kwargs={})
INFO:root:1654701123.985652|varun-mbp.local|4.22802734375|3.93505859375|3.95751953125
DEBUG:schedule:Running job Job(interval=1, unit=seconds, do=publish_node_load, args=(), kwargs={})
INFO:root:1654701125.095486|varun-mbp.local|4.22802734375|3.93505859375|3.95751953125
DEBUG:schedule:Running job Job(interval=1, unit=seconds, do=publish_node_load, args=(), kwargs={})
INFO:root:1654701126.202375|varun-mbp.local|4.20947265625|3.93603515625|3.95751953125
DEBUG:schedule:Running job Job(interval=1, unit=seconds, do=publish_node_load, args=(), kwargs={})
INFO:root:1654701127.307755|varun-mbp.local|4.20947265625|3.93603515625|3.95751953125
DEBUG:schedule:Running job Job(interval=1, unit=seconds, do=publish_node_load, args=(), kwargs={})
INFO:root:1654701128.414704|varun-mbp.local|4.20947265625|3.93603515625|3.95751953125
DEBUG:schedule:Running job Job(interval=1, unit=seconds, do=publish_node_load, args=(), kwargs={})
INFO:root:1654701129.523745|varun-mbp.local|4.20947265625|3.93603515625|3.95751953125
DEBUG:schedule:Running job Job(interval=1, unit=seconds, do=publish_node_load, args=(), kwargs={})
INFO:root:1654701130.634152|varun-mbp.local|4.2724609375|3.95361328125|3.96337890625
DEBUG:schedule:Running job Job(interval=1, unit=seconds, do=publish_node_load, args=(), kwargs={})
INFO:root:1654701131.739511|varun-mbp.local|4.2724609375|3.95361328125|3.96337890625
DEBUG:schedule:Running job Job(interval=1, unit=seconds, do=publish_node_load, args=(), kwargs={})
INFO:root:1654701132.846404|varun-mbp.local|4.2724609375|3.95361328125|3.96337890625
DEBUG:schedule:Running job Job(interval=1, unit=seconds, do=publish_node_load, args=(), kwargs={})
INFO:root:1654701133.95514|varun-mbp.local|4.2724609375|3.95361328125|3.96337890625
DEBUG:schedule:Running job Job(interval=1, unit=seconds, do=publish_node_load, args=(), kwargs={})
INFO:root:1654701135.0753222|varun-mbp.local|4.2724609375|3.95361328125|3.96337890625
DEBUG:schedule:Running job Job(interval=1, unit=seconds, do=publish_node_load, args=(), kwargs={})
INFO:root:1654701136.186538|varun-mbp.local|4.17041015625|3.9375|3.95751953125
DEBUG:schedule:Running job Job(interval=1, unit=seconds, do=publish_node_load, args=(), kwargs={})
INFO:root:1654701137.296149|varun-mbp.local|4.17041015625|3.9375|3.95751953125
DEBUG:schedule:Running job Job(interval=1, unit=seconds, do=publish_node_load, args=(), kwargs={})
INFO:root:1654701138.406067|varun-mbp.local|4.17041015625|3.9375|3.95751953125
DEBUG:schedule:Running job Job(interval=1, unit=seconds, do=publish_node_load, args=(), kwargs={})
INFO:root:1654701139.515676|varun-mbp.local|4.17041015625|3.9375|3.95751953125
DEBUG:schedule:Running job Job(interval=1, unit=seconds, do=publish_node_load, args=(), kwargs={})
INFO:root:1654701140.6264691|varun-mbp.local|4.07666015625|3.921875|3.95166015625
DEBUG:schedule:Running job Job(interval=1, unit=seconds, do=publish_node_load, args=(), kwargs={})
INFO:root:1654701141.737822|varun-mbp.local|4.07666015625|3.921875|3.95166015625
DEBUG:schedule:Running job Job(interval=1, unit=seconds, do=publish_node_load, args=(), kwargs={})
INFO:root:1654701142.8470888|varun-mbp.local|4.07666015625|3.921875|3.95166015625
DEBUG:schedule:Running job Job(interval=1, unit=seconds, do=publish_node_load, args=(), kwargs={})
INFO:root:1654701143.9583712|varun-mbp.local|4.07666015625|3.921875|3.95166015625
DEBUG:schedule:Running job Job(interval=1, unit=seconds, do=publish_node_load, args=(), kwargs={})
INFO:root:1654701145.0618|varun-mbp.local|4.07666015625|3.921875|3.95166015625
DEBUG:schedule:Running job Job(interval=1, unit=seconds, do=publish_node_load, args=(), kwargs={})
INFO:root:1654701146.171961|varun-mbp.local|4.0703125|3.9228515625|3.95166015625
DEBUG:schedule:Running job Job(interval=1, unit=seconds, do=publish_node_load, args=(), kwargs={})
INFO:root:1654701147.2782059|varun-mbp.local|4.0703125|3.9228515625|3.95166015625
DEBUG:schedule:Running job Job(interval=1, unit=seconds, do=publish_node_load, args=(), kwargs={})
INFO:root:1654701148.381931|varun-mbp.local|4.0703125|3.9228515625|3.95166015625
DEBUG:schedule:Running job Job(interval=1, unit=seconds, do=publish_node_load, args=(), kwargs={})
INFO:root:1654701149.488705|varun-mbp.local|4.0703125|3.9228515625|3.95166015625
DEBUG:schedule:Running job Job(interval=1, unit=seconds, do=publish_node_load, args=(), kwargs={})
INFO:root:1654701150.596128|varun-mbp.local|3.984375|3.9072265625|3.94580078125
DEBUG:schedule:Running job Job(interval=1, unit=seconds, do=publish_node_load, args=(), kwargs={})
INFO:root:1654701151.7068732|varun-mbp.local|3.984375|3.9072265625|3.94580078125
DEBUG:schedule:Running job Job(interval=1, unit=seconds, do=publish_node_load, args=(), kwargs={})
INFO:root:1654701152.817457|varun-mbp.local|3.984375|3.9072265625|3.94580078125
DEBUG:schedule:Running job Job(interval=1, unit=seconds, do=publish_node_load, args=(), kwargs={})
INFO:root:1654701153.923303|varun-mbp.local|3.984375|3.9072265625|3.94580078125
DEBUG:schedule:Running job Job(interval=1, unit=seconds, do=publish_node_load, args=(), kwargs={})
INFO:root:1654701155.031042|varun-mbp.local|3.984375|3.9072265625|3.94580078125
DEBUG:schedule:Running job Job(interval=1, unit=seconds, do=publish_node_load, args=(), kwargs={})
INFO:root:1654701156.1386921|varun-mbp.local|3.7451171875|3.85888671875|3.92822265625
DEBUG:schedule:Running job Job(interval=1, unit=seconds, do=publish_node_load, args=(), kwargs={})
INFO:root:1654701157.244682|varun-mbp.local|3.7451171875|3.85888671875|3.92822265625
DEBUG:schedule:Running job Job(interval=1, unit=seconds, do=publish_node_load, args=(), kwargs={})
INFO:root:1654701158.3548212|varun-mbp.local|3.7451171875|3.85888671875|3.92822265625
DEBUG:schedule:Running job Job(interval=1, unit=seconds, do=publish_node_load, args=(), kwargs={})
INFO:root:1654701159.462722|varun-mbp.local|3.7451171875|3.85888671875|3.92822265625
DEBUG:schedule:Running job Job(interval=1, unit=seconds, do=publish_node_load, args=(), kwargs={})
INFO:root:1654701160.565619|varun-mbp.local|3.84521484375|3.87744140625|3.93408203125
DEBUG:schedule:Running job Job(interval=1, unit=seconds, do=publish_node_load, args=(), kwargs={})
INFO:root:1654701161.677836|varun-mbp.local|3.84521484375|3.87744140625|3.93408203125
DEBUG:schedule:Running job Job(interval=1, unit=seconds, do=publish_node_load, args=(), kwargs={})
INFO:root:1654701162.786442|varun-mbp.local|3.84521484375|3.87744140625|3.93408203125
DEBUG:schedule:Running job Job(interval=1, unit=seconds, do=publish_node_load, args=(), kwargs={})
INFO:root:1654701163.8931699|varun-mbp.local|3.84521484375|3.87744140625|3.93408203125
DEBUG:schedule:Running job Job(interval=1, unit=seconds, do=publish_node_load, args=(), kwargs={})
INFO:root:1654701165.000531|varun-mbp.local|3.84521484375|3.87744140625|3.93408203125
DEBUG:schedule:Running job Job(interval=1, unit=seconds, do=publish_node_load, args=(), kwargs={})
INFO:root:1654701166.108014|varun-mbp.local|6.66015625|4.46044921875|4.13916015625
DEBUG:schedule:Running job Job(interval=1, unit=seconds, do=publish_node_load, args=(), kwargs={})
INFO:root:1654701167.219693|varun-mbp.local|6.66015625|4.46044921875|4.13916015625
DEBUG:schedule:Running job Job(interval=1, unit=seconds, do=publish_node_load, args=(), kwargs={})
INFO:root:1654701168.32888|varun-mbp.local|6.66015625|4.46044921875|4.13916015625
